<?xml version="1.0" encoding="UTF-8"?>
<!-- Generated by org.testng.reporters.JUnitReportReporter -->
<testsuite skipped="0" hostname="LAPTOP-IB48B2FM" name="runner.Runner" tests="1" failures="0" timestamp="10 Jan 2022 00:56:09 GMT" time="0.297" errors="1">
  <testcase name="setUpClass" time="0.297" classname="runner.Runner">
    <error type="java.nio.file.InvalidPathException" message="Illegal char &lt;:&gt; at index 49: C:/Users/Feroo/June2021_Selenuim/Extend-Report/.C:/Users/Feroo/June2021_Selenuim/Extend-Report/src/test/java/features/TF_Login.feature">
      <![CDATA[java.nio.file.InvalidPathException: Illegal char <:> at index 49: C:/Users/Feroo/June2021_Selenuim/Extend-Report/.C:/Users/Feroo/June2021_Selenuim/Extend-Report/src/test/java/features/TF_Login.feature
at sun.nio.fs.WindowsPathParser.normalize(WindowsPathParser.java:182)
at sun.nio.fs.WindowsPathParser.parse(WindowsPathParser.java:153)
at sun.nio.fs.WindowsPathParser.parse(WindowsPathParser.java:77)
at sun.nio.fs.WindowsPath.parse(WindowsPath.java:94)
at sun.nio.fs.WindowsUriSupport.fromUri(WindowsUriSupport.java:166)
at sun.nio.fs.WindowsFileSystemProvider.getPath(WindowsFileSystemProvider.java:92)
at java.nio.file.Paths.get(Paths.java:138)
at io.cucumber.core.resource.CloseablePath.open(CloseablePath.java:23)
at io.cucumber.core.resource.PathScanner.open(PathScanner.java:39)
at io.cucumber.core.resource.PathScanner.findResourcesForUri(PathScanner.java:26)
at io.cucumber.core.resource.ResourceScanner.findResourcesForUri(ResourceScanner.java:61)
at io.cucumber.core.resource.ResourceScanner.scanForResourcesUri(ResourceScanner.java:134)
at io.cucumber.core.runtime.FeaturePathFeatureSupplier.loadFeatures(FeaturePathFeatureSupplier.java:62)
at io.cucumber.core.runtime.FeaturePathFeatureSupplier.get(FeaturePathFeatureSupplier.java:45)
at io.cucumber.testng.TestNGCucumberRunner.<init>(TestNGCucumberRunner.java:107)
at io.cucumber.testng.AbstractTestNGCucumberTests.setUpClass(AbstractTestNGCucumberTests.java:23)
at sun.reflect.NativeMethodAccessorImpl.invoke0(Native Method)
at sun.reflect.NativeMethodAccessorImpl.invoke(NativeMethodAccessorImpl.java:62)
at sun.reflect.DelegatingMethodAccessorImpl.invoke(DelegatingMethodAccessorImpl.java:43)
at java.lang.reflect.Method.invoke(Method.java:498)
at org.testng.internal.MethodInvocationHelper.invokeMethod(MethodInvocationHelper.java:124)
at org.testng.internal.MethodInvocationHelper.invokeMethodConsideringTimeout(MethodInvocationHelper.java:59)
at org.testng.internal.Invoker.invokeConfigurationMethod(Invoker.java:458)
at org.testng.internal.Invoker.invokeConfigurations(Invoker.java:222)
at org.testng.internal.Invoker.invokeConfigurations(Invoker.java:142)
at org.testng.internal.TestMethodWorker.invokeBeforeClassMethods(TestMethodWorker.java:168)
at org.testng.internal.TestMethodWorker.run(TestMethodWorker.java:105)
at org.testng.TestRunner.privateRun(TestRunner.java:648)
at org.testng.TestRunner.run(TestRunner.java:505)
at org.testng.SuiteRunner.runTest(SuiteRunner.java:455)
at org.testng.SuiteRunner.runSequentially(SuiteRunner.java:450)
at org.testng.SuiteRunner.privateRun(SuiteRunner.java:415)
at org.testng.SuiteRunner.run(SuiteRunner.java:364)
at org.testng.SuiteRunnerWorker.runSuite(SuiteRunnerWorker.java:52)
at org.testng.SuiteRunnerWorker.run(SuiteRunnerWorker.java:84)
at org.testng.TestNG.runSuitesSequentially(TestNG.java:1208)
at org.testng.TestNG.runSuitesLocally(TestNG.java:1137)
at org.testng.TestNG.runSuites(TestNG.java:1049)
at org.testng.TestNG.run(TestNG.java:1017)
at org.testng.remote.AbstractRemoteTestNG.run(AbstractRemoteTestNG.java:115)
at org.testng.remote.RemoteTestNG.initAndRun(RemoteTestNG.java:251)
at org.testng.remote.RemoteTestNG.main(RemoteTestNG.java:77)
]]>
    </error>
  </testcase> <!-- setUpClass -->
</testsuite> <!-- runner.Runner -->
